chr	pos	k
I	7	8
I	20	12
I	255	11
I	11875	27
I	12473	48
I	12999	15
I	13029	30
I	13045	30
I	14790	13
I	23713	1
I	24307	27
I	24689	21
I	25164	15
I	25194	30
I	25210	30
I	31123	2
I	31484	2
I	57899	10
I	69974	8
I	70182	9
I	70907	1
I	73611	12
I	76829	15
I	77495	3
I	77570	12
I	83198	6
I	87812	8
I	99938	14
I	100364	18
I	100373	18
I	100458	27
I	101282	1
I	110696	2
I	112755	12
I	113051	3
I	113289	15
I	113286	9
I	116284	6
I	116490	9
I	120159	5
I	124925	9
I	139570	12
I	142873	9
I	176552	14
I	183182	11
I	189227	10
I	189992	6
I	190136	14
I	192292	3
I	193985	3
I	194011	3
I	198841	11
I	199909	1
I	206757	15
I	206759	15
I	206804	15
I	207633	27
I	219192	15
I	223128	1
I	225395	3
I	229761	15
I	229960	11
I	230093	6
I	230093	12
I	230118	13
I	230127	11
I	230168	18
I	230137	6
I	230186	11
II	1486	36
II	2012	72
II	5847	11
II	9023	1
II	40583	2
II	43105	1
II	48474	3
II	48472	15
II	65934	6
II	65945	18
II	68283	3
II	72347	3
II	115085	9
II	115438	1
II	119980	3
II	130367	12
II	133871	2
II	133940	10
II	137644	5
II	137660	1
II	137645	10
II	145900	1
II	165903	1
II	166361	3
II	169961	19
II	174500	6
II	193551	6
II	205742	6
II	205742	12
II	205755	3
II	205755	15
II	212744	45
II	213154	51
II	213818	15
II	215900	12
II	221077	11
II	226661	11
II	258981	10
II	259618	11
II	265203	11
II	270424	30
II	270430	15
II	270481	15
II	270574	12
II	272538	3
II	296126	1
II	299549	6
II	300034	1
II	314374	13
II	316930	4
II	334957	9
II	338640	8
II	344052	9
II	347103	9
II	351451	19
II	352208	12
II	353596	2
II	353635	2
II	357988	18
II	372272	18
II	372332	18
II	381538	18
II	395185	10
II	395461	9
II	395477	9
II	403111	12
II	405735	11
II	420373	3
II	455248	33
II	455757	6
II	464020	3
II	464113	6
II	465697	12
II	465681	15
II	465697	6
II	477090	2
II	481373	6
II	490778	15
II	495165	9
II	499537	1
II	504356	2
II	505214	9
II	505205	6
II	505211	9
II	525176	9
II	528730	12
II	528730	6
II	541446	3
II	541609	3
II	544750	12
II	546571	18
II	559763	2
II	561223	1
II	563032	1
II	563921	12
II	580113	9
II	646080	8
II	646084	2
II	649338	3
II	649710	6
II	679499	8
II	680670	8
II	681999	11
II	681994	16
II	699840	9
II	702007	2
II	712784	12
II	714133	6
II	714312	15
II	747376	12
II	777198	9
II	779846	3
II	780363	3
II	780369	12
II	780444	3
II	783385	11
II	796529	12
II	813145	15
II	813158	13
III	27	9
III	26	35
III	5	11
III	51	16
III	61	11
III	77	14
III	66	44
III	98	15
III	120	10
III	91	13
III	157	15
III	142	17
III	135	13
III	180	11
III	215	6
III	241	15
III	192	19
III	247	21
III	263	10
III	221	13
III	271	13
III	273	11
III	296	14
III	321	11
III	337	14
III	360	11
III	4681	11
III	6218	17
III	8576	1
III	15300	5
III	27659	1
III	29301	4
III	29458	20
III	29447	12
III	30858	24
III	39849	6
III	41572	15
III	42006	1
III	44542	1
III	50321	2
III	57056	1
III	57058	14
III	57214	1
III	57214	9
III	57214	18
III	60771	6
III	62749	2
III	70618	6
III	71004	33
III	84484	10
III	113903	10
III	124405	11
III	139500	3
III	143020	11
III	149850	13
III	151560	11
III	162424	11
III	163474	7
III	169247	11
III	185258	11
III	190274	2
III	204414	6
III	208027	7
III	210600	14
III	211618	9
III	212406	12
III	213868	12
III	220581	9
III	224277	2
III	224774	2
III	225629	6
III	225629	12
III	225629	24
III	233735	30
III	233735	60
III	234894	3
III	247925	4
III	247961	10
III	247981	2
III	248826	10
III	249302	24
III	250119	10
III	252436	9
III	260026	2
III	261858	15
III	262132	15
III	264225	6
III	264223	12
III	266533	12
III	271475	3
III	283218	3
III	291559	3
III	292106	9
III	292573	2
III	295404	10
III	299934	15
III	303176	11
III	307819	21
III	315518	2
III	316503	11
III	316521	14
III	316548	15
III	316535	28
III	316534	13
III	316575	14
III	316563	13
III	316594	9
IV	11	15
IV	24	13
IV	1	11
IV	44	14
IV	69	7
IV	58	36
IV	79	5
IV	106	19
IV	99	11
IV	88	17
IV	116	13
IV	14017	6
IV	15101	11
IV	20526	2
IV	29106	6
IV	54131	4
IV	54613	12
IV	56986	2
IV	59766	42
IV	67488	6
IV	68662	15
IV	83832	7
IV	92683	1
IV	99358	11
IV	126519	13
IV	126538	1
IV	131004	10
IV	137792	69
IV	149014	3
IV	149114	4
IV	161485	3
IV	161538	12
IV	161587	12
IV	161636	21
IV	168457	9
IV	169822	2
IV	176557	5
IV	181922	3
IV	181933	21
IV	182765	12
IV	205589	21
IV	205715	21
IV	205694	42
IV	205690	63
IV	205715	63
IV	205793	63
IV	212529	10
IV	226817	2
IV	240139	2
IV	271780	12
IV	271801	3
IV	273630	1
IV	302326	11
IV	302324	1
IV	309888	12
IV	323678	2
IV	329642	2
IV	340286	5
IV	344005	2
IV	350978	12
IV	357119	4
IV	362072	6
IV	364832	12
IV	369265	10
IV	369260	1
IV	370969	2
IV	383387	18
IV	383939	18
IV	384332	18
IV	384444	18
IV	384497	18
IV	384851	15
IV	390416	3
IV	390525	6
IV	390460	15
IV	390520	12
IV	392147	2
IV	411037	7
IV	413157	10
IV	427388	54
IV	431145	12
IV	441268	3
IV	441299	9
IV	450189	2
IV	452911	8
IV	465563	10
IV	476306	8
IV	489442	2
IV	505234	2
IV	509080	9
IV	519900	1
IV	525258	11
IV	525252	12
IV	538734	2
IV	558682	9
IV	561546	9
IV	586544	9
IV	587840	1
IV	592524	6
IV	592528	12
IV	592546	6
IV	601000	42
IV	601034	66
IV	601279	12
IV	604241	3
IV	604241	15
IV	607046	15
IV	607042	9
IV	607043	1
IV	617723	9
IV	654339	3
IV	660957	6
IV	678014	1
IV	681737	13
IV	681977	10
IV	716147	9
IV	721180	12
IV	722236	6
IV	747086	3
IV	747496	3
IV	747515	3
IV	747512	9
IV	747518	15
IV	747536	6
IV	754463	18
IV	771624	5
IV	778818	11
IV	778734	3
IV	801681	3
IV	801900	6
IV	802945	11
IV	810473	2
IV	810755	12
IV	810729	3
IV	812806	12
IV	812791	3
IV	831884	14
IV	834012	9
IV	834018	12
IV	838067	3
IV	838274	11
IV	840423	2
IV	848439	9
IV	864868	2
IV	867789	12
IV	871082	30
IV	884573	1
IV	892699	1
IV	894998	11
IV	921814	1
IV	923073	6
IV	923070	9
IV	923070	18
IV	923076	9
IV	930965	2
IV	946634	8
IV	974329	10
IV	975177	9
IV	981142	27
IV	981360	10
IV	986987	10
IV	992646	11
IV	1010854	12
IV	1012097	13
IV	1016195	11
IV	1038650	3
IV	1056071	15
IV	1059924	3
IV	1059930	15
IV	1079011	1
IV	1080945	25
IV	1081059	10
IV	1095807	11
IV	1101395	11
IV	1111981	18
IV	1114671	9
IV	1125864	12
IV	1135055	3
IV	1156858	14
IV	1167500	12
IV	1223400	12
IV	1239032	2
IV	1239713	9
IV	1239722	12
IV	1242545	11
IV	1251217	18
IV	1251246	12
IV	1251258	12
IV	1277602	11
IV	1279251	6
IV	1279252	12
IV	1290976	3
IV	1296734	22
IV	1307696	84
IV	1307696	42
IV	1321983	2
IV	1328902	15
IV	1329653	12
IV	1329743	24
IV	1329752	24
IV	1329812	21
IV	1341045	12
IV	1346538	6
IV	1357475	1
IV	1385472	2
IV	1411799	12
IV	1411800	12
IV	1412423	3
IV	1418461	2
IV	1427591	12
IV	1456583	10
IV	1456567	6
IV	1456577	16
IV	1458141	9
IV	1469430	12
IV	1478130	6
IV	1490926	14
IV	1503824	15
IV	1503840	18
IV	1505684	25
IV	1511968	11
IV	1513903	13
IV	1525373	8
IV	1525389	17
IV	1525419	9
IV	1525422	14
IV	1525405	11
IV	1525428	20
IV	1525860	11
IV	1530104	36
V	1470	36
V	1470	72
V	1939	12
V	1909	24
V	1975	36
V	2032	12
V	4070	19
V	6338	6
V	19517	10
V	31461	2
V	34084	9
V	42978	8
V	49342	6
V	59360	1
V	59360	13
V	63550	12
V	65294	1
V	69032	10
V	72305	6
V	73468	12
V	73469	12
V	76007	9
V	79217	3
V	79235	3
V	81195	3
V	83156	6
V	83151	15
V	83156	12
V	83183	3
V	84874	5
V	86489	1
V	100490	10
V	100574	1
V	118578	2
V	132566	2
V	132953	8
V	140316	5
V	140703	7
V	141317	6
V	142890	3
V	157055	6
V	175590	18
V	175588	36
V	175660	36
V	175588	72
V	175660	72
V	189350	10
V	189354	9
V	192684	6
V	198593	2
V	205350	9
V	213857	9
V	219942	3
V	225783	2
V	241869	7
V	243657	1
V	243777	11
V	251238	5
V	256304	2
V	260568	11
V	261465	1
V	266089	12
V	271463	10
V	284385	2
V	284429	2
V	294950	13
V	298049	8
V	298877	9
V	309005	3
V	309086	6
V	319277	12
V	342338	13
V	349685	11
V	377450	9
V	382299	1
V	383707	6
V	387687	9
V	390871	12
V	406363	12
V	415743	10
V	425049	8
V	430753	11
V	434184	11
V	434301	12
V	436449	17
V	469612	5
V	490212	6
V	492773	11
V	498361	11
V	517509	10
V	517534	9
V	525166	12
V	529383	6
V	535546	9
V	545113	10
V	545365	12
V	545589	11
V	546346	3
V	546445	11
V	553273	4
V	570119	11
V	570713	11
V	574921	36
V	576795	10
VI	892	36
VI	1110	12
VI	1119	36
VI	1182	36
VI	1239	12
VI	4271	11
VI	4703	14
VI	4717	13
VI	4717	24
VI	4737	13
VI	4726	11
VI	4750	16
VI	4779	9
VI	4765	11
VI	4796	13
VI	6896	11
VI	16275	17
VI	38776	10
VI	46683	15
VI	57453	11
VI	57873	6
VI	57868	12
VI	58006	2
VI	68949	2
VI	73358	3
VI	78011	2
VI	87682	7
VI	87979	9
VI	87979	15
VI	89099	15
VI	92378	30
VI	92474	30
VI	95073	10
VI	95735	5
VI	96628	12
VI	96677	6
VI	104559	1
VI	104559	20
VI	106882	6
VI	107818	2
VI	115131	30
VI	148561	13
VI	148945	10
VI	152823	15
VI	160577	3
VI	162075	11
VI	168320	25
VI	169660	8
VI	171834	9
VI	179313	3
VI	181940	10
VI	186218	3
VI	186761	12
VI	202291	12
VI	202488	12
VI	210345	2
VI	210515	9
VI	222197	6
VI	222917	12
VI	223115	12
VI	224149	7
VI	225399	6
VI	226613	10
VI	227156	6
VI	227352	6
VI	227479	1
VI	229517	6
VI	232964	6
VI	232964	18
VI	234080	16
VI	237135	9
VI	237158	9
VI	239959	10
VI	270117	13
VII	32	11
VII	235	11
VII	17331	11
VII	52589	5
VII	53131	3
VII	53149	9
VII	53146	12
VII	65408	9
VII	67145	5
VII	69165	15
VII	69167	15
VII	69353	2
VII	70161	9
VII	70166	3
VII	70161	12
VII	70166	15
VII	70196	6
VII	70172	15
VII	70196	12
VII	75475	2
VII	79003	2
VII	80603	1
VII	89636	9
VII	112183	20
VII	127093	9
VII	140294	1
VII	140293	20
VII	156106	2
VII	156142	4
VII	158866	6
VII	158899	6
VII	169890	6
VII	169928	12
VII	170578	10
VII	170642	7
VII	192235	12
VII	206829	10
VII	224849	6
VII	245642	3
VII	259634	12
VII	270269	12
VII	271845	11
VII	272292	2
VII	274699	2
VII	278780	1
VII	280052	12
VII	280186	9
VII	280175	15
VII	307200	12
VII	307180	2
VII	307200	24
VII	321488	2
VII	323362	1
VII	324548	7
VII	348125	3
VII	348121	12
VII	358117	9
VII	358117	3
VII	361723	9
VII	361753	18
VII	378067	12
VII	379010	9
VII	379016	12
VII	379163	3
VII	379231	15
VII	394439	9
VII	394457	3
VII	394475	3
VII	397821	12
VII	397835	1
VII	400551	1
VII	401999	11
VII	422639	9
VII	429815	12
VII	431451	7
VII	431405	3
VII	431730	6
VII	431730	12
VII	442140	12
VII	442140	36
VII	442173	3
VII	442227	12
VII	448883	3
VII	449252	12
VII	450091	5
VII	467699	3
VII	469216	9
VII	469243	3
VII	482631	12
VII	498009	6
VII	508788	7
VII	509834	6
VII	519032	51
VII	519267	51
VII	529925	15
VII	529987	3
VII	530663	3
VII	531845	2
VII	535251	11
VII	535800	11
VII	541388	11
VII	555982	1
VII	567796	11
VII	581691	6
VII	582149	12
VII	583719	12
VII	592125	6
VII	611745	2
VII	620024	20
VII	627187	1
VII	633936	12
VII	639660	1
VII	640618	1
VII	641135	9
VII	644773	2
VII	678060	1
VII	696353	12
VII	696851	6
VII	700001	1
VII	726586	17
VII	728881	3
VII	733110	1
VII	741894	4
VII	742158	1
VII	746576	1
VII	753177	15
VII	753297	6
VII	800515	7
VII	806553	12
VII	806530	39
VII	807336	3
VII	807475	6
VII	807492	6
VII	807528	6
VII	808387	2
VII	817664	11
VII	823246	11
VII	825633	12
VII	850894	9
VII	855203	10
VII	877156	24
VII	877156	48
VII	882440	13
VII	890972	9
VII	890917	30
VII	892597	10
VII	910113	1
VII	931728	11
VII	949252	2
VII	957477	3
VII	957492	12
VII	957495	15
VII	957495	3
VII	959780	2
VII	961253	11
VII	972993	9
VII	974912	9
VII	981237	12
VII	982471	11
VII	985723	1
VII	987331	11
VII	988895	3
VII	1004508	2
VII	1010880	11
VII	1014336	15
VII	1017232	10
VII	1043767	2
VII	1051151	12
VII	1051184	9
VII	1061806	10
VII	1078397	12
VII	1082239	11
VII	1084738	11
VII	1088987	36
VII	1090861	10
VIII	5	13
VIII	148	10
VIII	1662	36
VIII	6871	11
VIII	8171	11
VIII	12290	9
VIII	33659	18
VIII	33617	12
VIII	48236	11
VIII	48216	3
VIII	49466	3
VIII	56420	12
VIII	57520	3
VIII	58097	15
VIII	58395	3
VIII	66129	6
VIII	66562	6
VIII	68990	12
VIII	75977	2
VIII	81859	1
VIII	85278	11
VIII	93346	12
VIII	103199	12
VIII	103206	12
VIII	111531	2
VIII	116692	11
VIII	121858	14
VIII	121859	14
VIII	122737	8
VIII	125833	1
VIII	137424	12
VIII	144506	3
VIII	167620	2
VIII	169173	6
VIII	173121	16
VIII	177230	6
VIII	187030	1
VIII	188955	6
VIII	197248	7
VIII	197263	3
VIII	197263	15
VIII	229200	1
VIII	236958	1
VIII	242206	13
VIII	244339	12
VIII	252861	3
VIII	252861	15
VIII	252924	12
VIII	252930	6
VIII	264766	12
VIII	282706	12
VIII	282757	27
VIII	283246	12
VIII	293273	1
VIII	316463	15
VIII	340059	2
VIII	345060	6
VIII	365362	6
VIII	365380	3
VIII	365357	36
VIII	365359	30
VIII	366907	6
VIII	366892	9
VIII	370544	2
VIII	372882	6
VIII	372913	15
VIII	373081	6
VIII	373102	15
VIII	378121	6
VIII	386096	3
VIII	391483	11
VIII	391820	3
VIII	391931	11
VIII	413602	13
VIII	420572	9
VIII	420558	15
VIII	420587	9
VIII	422591	12
VIII	436872	3
VIII	445267	12
VIII	451248	11
VIII	451522	9
VIII	462010	13
VIII	465803	2
VIII	475932	2
VIII	491799	10
VIII	504373	6
VIII	508801	1
VIII	510044	9
VIII	510047	12
VIII	514830	2
VIII	516589	6
VIII	523760	11
VIII	527584	9
VIII	527867	21
VIII	528859	13
VIII	539794	15
VIII	543881	11
VIII	549577	11
VIII	549763	1
VIII	552034	3
VIII	554053	14
VIII	556865	13
VIII	556876	15
VIII	556898	11
VIII	556893	17
VIII	556922	2
VIII	556910	10
VIII	556922	12
VIII	556950	6
VIII	556910	16
VIII	556932	16
VIII	560461	36
VIII	560533	36
VIII	562317	10
VIII	562456	13
VIII	562469	6
VIII	562475	25
VIII	562456	31
VIII	562485	13
VIII	562500	6
VIII	562516	24
VIII	562529	13
VIII	562517	11
VIII	562555	11
VIII	562566	26
VIII	562589	18
VIII	562581	8
VIII	562610	11
IX	5	11
IX	1	21
IX	36	15
IX	15	5
IX	45	13
IX	188	10
IX	1686	36
IX	2227	12
IX	2204	24
IX	2272	24
IX	2236	36
IX	2227	60
IX	2299	36
IX	2356	12
IX	6593	11
IX	11364	2
IX	22809	8
IX	23300	9
IX	24149	39
IX	25350	42
IX	27205	9
IX	44128	15
IX	49508	3
IX	51656	15
IX	51669	15
IX	51656	3
IX	56789	3
IX	83356	10
IX	95172	18
IX	101456	9
IX	102525	8
IX	105318	3
IX	105350	3
IX	105768	3
IX	127993	10
IX	128508	3
IX	128673	6
IX	128704	6
IX	128712	9
IX	137090	15
IX	137112	9
IX	137100	30
IX	141766	7
IX	144118	2
IX	146884	78
IX	148130	8
IX	153591	3
IX	155082	10
IX	163246	1
IX	169453	3
IX	169454	9
IX	169478	3
IX	174155	13
IX	175991	9
IX	177467	12
IX	177467	2
IX	180250	10
IX	187823	1
IX	195343	8
IX	197290	17
IX	206977	78
IX	206977	78
IX	228595	10
IX	240797	10
IX	241033	1
IX	245963	1
IX	247851	18
IX	254829	9
IX	254876	13
IX	254877	13
IX	256953	11
IX	257465	8
IX	280041	12
IX	284750	12
IX	285137	11
IX	334101	12
IX	334142	33
IX	334144	66
IX	334330	12
IX	339226	1
IX	350095	12
IX	350098	12
IX	355657	18
IX	366532	18
IX	368431	21
IX	369844	9
IX	375792	12
IX	376614	3
IX	377228	10
IX	387144	1
IX	387286	5
IX	391114	45
IX	391261	45
IX	391384	36
IX	391340	81
IX	391420	45
IX	391555	36
IX	391627	45
IX	391762	36
IX	391717	81
IX	391799	45
IX	391888	81
IX	391934	36
IX	392014	36
IX	392051	45
IX	392097	81
IX	392140	36
IX	392221	36
IX	392302	36
IX	392410	81
IX	392491	36
IX	392527	81
IX	392608	36
IX	392644	45
IX	392816	39
IX	392921	30
IX	399996	21
IX	400008	12
IX	400014	9
IX	400455	9
IX	400455	6
IX	433947	21
IX	436080	11
IX	437689	11
IX	439593	11
IX	439797	11
IX	439833	11
IX	439857	12
X	5	21
X	19	15
X	28	13
X	171	10
X	1669	36
X	2210	12
X	2187	24
X	2255	24
X	2219	36
X	2210	60
X	2282	36
X	2339	12
X	6576	11
X	11347	2
X	39996	15
X	59055	1
X	60688	10
X	76563	2
X	78982	9
X	91810	9
X	99491	14
X	99492	15
X	99493	13
X	99636	12
X	108332	9
X	114878	6
X	114872	18
X	114872	9
X	120863	72
X	121007	57
X	141068	9
X	150161	3
X	156399	14
X	172558	11
X	172565	13
X	174132	6
X	177911	2
X	188113	6
X	189031	3
X	189025	21
X	196901	12
X	211726	10
X	217116	10
X	245275	9
X	245298	12
X	251757	8
X	267650	9
X	280028	12
X	293464	12
X	293992	10
X	342349	1
X	354967	10
X	357932	4
X	367315	57
X	383743	5
X	393824	1
X	393830	14
X	400123	9
X	400142	18
X	400203	9
X	400156	63
X	400193	54
X	400247	9
X	400227	18
X	402005	21
X	404067	3
X	411853	9
X	424173	2
X	424907	1
X	436487	11
X	456067	2
X	457887	14
X	457904	1
X	459853	15
X	468291	10
X	470123	3
X	472503	11
X	483675	11
X	497304	2
X	519256	2
X	519674	3
X	525774	1
X	526957	12
X	551895	10
X	577026	2
X	586111	6
X	594188	3
X	603229	6
X	607430	10
X	637691	12
X	639199	1
X	639991	2
X	658651	10
X	661765	3
X	701747	2
X	709125	12
X	709123	24
X	714131	72
X	714272	36
X	714884	9
X	714902	27
X	714938	18
X	715034	9
X	715037	18
X	715055	27
X	715082	54
X	715021	18
X	715073	18
X	730675	11
X	743509	11
X	745421	11
X	745632	11
X	745622	22
X	745697	13
X	745675	6
XI	1	13
XI	10	17
XI	1	30
XI	27	13
XI	2123	21
XI	19719	11
XI	22041	1
XI	26592	2
XI	36502	8
XI	36589	2
XI	42336	3
XI	56854	10
XI	63954	24
XI	63979	45
XI	64047	24
XI	63949	93
XI	63964	93
XI	64143	11
XI	64133	21
XI	64117	72
XI	64274	10
XI	64303	21
XI	64060	24
XI	67767	1
XI	67761	7
XI	67893	12
XI	68344	9
XI	76106	33
XI	78800	2
XI	98362	10
XI	120372	7
XI	124092	6
XI	126104	3
XI	126170	18
XI	136104	2
XI	142230	57
XI	142473	57
XI	144677	54
XI	151873	11
XI	154032	12
XI	163665	12
XI	164845	2
XI	166046	5
XI	168996	4
XI	171170	4
XI	179179	10
XI	184502	3
XI	196849	6
XI	208983	9
XI	220774	9
XI	220927	9
XI	226078	9
XI	232544	3
XI	232723	15
XI	240662	6
XI	240656	12
XI	240656	3
XI	240683	18
XI	240701	27
XI	240728	30
XI	240741	18
XI	240766	18
XI	280389	9
XI	280389	3
XI	280930	2
XI	283876	15
XI	286193	11
XI	286466	14
XI	286450	15
XI	304883	12
XI	307257	10
XI	320007	15
XI	320824	1
XI	321766	20
XI	335122	8
XI	336743	6
XI	337279	15
XI	337463	6
XI	337501	9
XI	340677	10
XI	340664	13
XI	340681	20
XI	340682	10
XI	342742	11
XI	343644	21
XI	351207	9
XI	364316	6
XI	364316	12
XI	364345	4
XI	380117	3
XI	380935	18
XI	380906	36
XI	381059	12
XI	381279	12
XI	381506	3
XI	381509	15
XI	381644	9
XI	381641	12
XI	382534	8
XI	382542	11
XI	382542	14
XI	382561	3
XI	385104	1
XI	386875	18
XI	386875	21
XI	387142	3
XI	393488	11
XI	394458	12
XI	396599	15
XI	409141	9
XI	427232	15
XI	428758	4
XI	431309	15
XI	436847	10
XI	458411	11
XI	463262	1
XI	464401	18
XI	465173	2
XI	489793	11
XI	499528	12
XI	515038	13
XI	517724	11
XI	518112	1
XI	519806	9
XI	519794	15
XI	519789	9
XI	523650	9
XI	524036	1
XI	525215	3
XI	530807	3
XI	557487	12
XI	557489	11
XI	559921	9
XI	561768	12
XI	567101	3
XI	576493	3
XI	579940	24
XI	613208	33
XI	613301	12
XI	613670	9
XI	613692	3
XI	613770	3
XI	617558	1
XI	633488	9
XI	635449	1
XI	635451	18
XI	637852	7
XI	647262	81
XI	663478	17
XI	666615	11
XI	666615	28
XI	666625	17
XI	666642	11
XI	666664	19
XI	666690	15
XI	666694	23
XI	666681	13
XI	666695	25
XI	666682	53
XI	666710	10
XI	666676	38
XI	666763	23
XI	666717	15
XI	666748	21
XI	666767	17
XII	7	11
XII	17	12
XII	20	17
XII	54	8
XII	186	10
XII	1683	36
XII	5248	11
XII	5661	13
XII	5673	11
XII	7337	36
XII	10783	11
XII	11196	13
XII	11219	14
XII	11221	12
XII	11212	20
XII	11212	26
XII	11274	17
XII	11219	2
XII	11251	30
XII	11286	11
XII	11267	25
XII	11261	13
XII	11320	11
XII	11311	19
XII	11297	14
XII	11337	10
XII	11281	33
XII	14519	10
XII	29485	13
XII	35426	5
XII	41217	2
XII	48856	1
XII	50091	3
XII	50084	12
XII	50088	9
XII	52020	2
XII	86707	13
XII	88211	12
XII	94342	10
XII	94765	21
XII	99888	6
XII	99888	18
XII	103617	81
XII	104779	6
XII	105417	15
XII	105418	3
XII	121963	10
XII	122009	1
XII	123488	3
XII	124680	6
XII	125400	2
XII	129217	10
XII	129263	9
XII	130068	6
XII	130084	6
XII	130068	12
XII	132248	15
XII	132266	9
XII	170676	2
XII	172019	2
XII	215357	11
XII	220945	11
XII	223000	21
XII	237846	6
XII	245257	2
XII	251231	6
XII	252899	18
XII	252911	9
XII	252905	12
XII	263918	12
XII	264077	1
XII	265481	10
XII	279918	9
XII	281378	9
XII	282685	13
XII	294647	11
XII	294647	11
XII	329730	6
XII	329727	18
XII	339677	2
XII	346678	6
XII	348897	13
XII	370052	9
XII	372739	6
XII	375259	27
XII	375259	54
XII	375259	27
XII	375336	6
XII	391075	10
XII	393193	12
XII	393713	12
XII	415549	11
XII	415700	15
XII	424619	9
XII	445456	7
XII	451265	13
XII	451268	10
XII	451543	7
XII	458705	9
XII	459804	1
XII	460192	8
XII	460384	1
XII	460412	7
XII	460680	7
XII	467842	9
XII	489515	6
XII	507436	9
XII	507436	36
XII	507433	27
XII	507559	9
XII	511519	3
XII	547519	18
XII	547516	9
XII	547519	36
XII	547537	18
XII	555318	3
XII	555321	12
XII	555782	21
XII	556267	30
XII	556276	30
XII	556345	3
XII	556348	9
XII	556469	2
XII	563476	8
XII	563477	2
XII	563515	2
XII	584256	12
XII	584256	12
XII	585024	6
XII	585081	21
XII	585921	1
XII	593135	10
XII	602081	24
XII	646943	9
XII	660350	8
XII	663303	12
XII	666014	27
XII	667994	12
XII	687588	2
XII	696961	5
XII	696956	15
XII	699940	1
XII	701183	12
XII	701196	3
XII	701253	12
XII	701374	18
XII	703676	6
XII	708693	15
XII	709118	15
XII	713390	8
XII	723688	11
XII	724595	13
XII	757479	2
XII	758782	9
XII	764273	10
XII	766504	1
XII	774119	11
XII	783599	11
XII	789090	21
XII	789090	63
XII	789216	21
XII	789638	9
XII	789632	12
XII	802584	13
XII	823443	2
XII	829399	2
XII	837517	2
XII	849646	3
XII	863483	3
XII	863697	3
XII	873640	2
XII	881941	2
XII	900494	15
XII	903361	9
XII	903579	11
XII	904051	33
XII	904177	9
XII	914908	16
XII	927167	9
XII	927182	9
XII	927203	6
XII	932259	8
XII	1000204	10
XII	1007311	10
XII	1011575	12
XII	1011953	3
XII	1015483	2
XII	1015516	12
XII	1024981	1
XII	1028986	10
XII	1031403	3
XII	1038159	3
XII	1054598	5
XII	1065052	8
XII	1065032	21
XII	1065040	13
XII	1065061	20
XII	1065081	13
XII	1065074	15
XII	1065098	9
XII	1065115	6
XII	1065107	11
XII	1069628	36
XII	1071505	10
XII	1072047	11
XII	1076291	36
XIII	1	11
XIII	23	6
XIII	164	10
XIII	1678	36
XIII	5124	11
XIII	5560	13
XIII	5537	19
XIII	21959	2
XIII	31586	9
XIII	40144	5
XIII	41951	1
XIII	44387	3
XIII	57800	8
XIII	57827	6
XIII	65928	3
XIII	86941	3
XIII	95728	2
XIII	99493	5
XIII	101173	8
XIII	120593	12
XIII	120592	3
XIII	120784	12
XIII	124582	12
XIII	130048	75
XIII	143059	3
XIII	143059	12
XIII	146088	7
XIII	158397	1
XIII	159846	2
XIII	164393	1
XIII	165423	1
XIII	169074	6
XIII	169480	3
XIII	175555	12
XIII	175913	3
XIII	179694	3
XIII	179694	12
XIII	179931	9
XIII	179936	11
XIII	184210	11
XIII	189792	11
XIII	191938	5
XIII	191983	1
XIII	209871	3
XIII	211506	11
XIII	216655	9
XIII	220118	10
XIII	225532	13
XIII	233276	4
XIII	233297	8
XIII	235979	13
XIII	238304	3
XIII	238331	3
XIII	238600	18
XIII	238764	1
XIII	239354	2
XIII	245862	9
XIII	248118	12
XIII	248139	6
XIII	248127	24
XIII	248244	6
XIII	254409	6
XIII	255026	9
XIII	255025	18
XIII	256658	9
XIII	280711	6
XIII	280706	18
XIII	296356	13
XIII	299073	10
XIII	301909	12
XIII	314734	21
XIII	321329	2
XIII	343216	6
XIII	348787	6
XIII	354194	3
XIII	354240	15
XIII	354463	15
XIII	354575	9
XIII	356113	9
XIII	357276	11
XIII	362858	11
XIII	372556	12
XIII	372974	11
XIII	378562	11
XIII	387072	9
XIII	388685	2
XIII	409229	6
XIII	409195	15
XIII	409508	9
XIII	409580	3
XIII	409595	12
XIII	413598	11
XIII	433353	9
XIII	442299	12
XIII	465590	11
XIII	473399	10
XIII	483744	1
XIII	489742	12
XIII	504386	11
XIII	514629	3
XIII	515571	3
XIII	523900	14
XIII	534115	12
XIII	538608	2
XIII	539499	3
XIII	561878	2
XIII	587630	3
XIII	587716	6
XIII	587704	15
XIII	588273	15
XIII	588583	6
XIII	588564	21
XIII	588634	3
XIII	588607	6
XIII	588649	6
XIII	588571	27
XIII	588650	12
XIII	588622	27
XIII	588673	12
XIII	590047	15
XIII	608911	24
XIII	609111	24
XIII	609202	78
XIII	609318	24
XIII	609318	48
XIII	609618	24
XIII	609592	78
XIII	610522	11
XIII	622169	2
XIII	625416	8
XIII	625709	1
XIII	646856	2
XIII	666717	6
XIII	668256	3
XIII	670397	18
XIII	670417	12
XIII	695148	11
XIII	698219	18
XIII	699583	9
XIII	715595	11
XIII	722797	6
XIII	722792	18
XIII	722797	18
XIII	723130	9
XIII	731282	10
XIII	741615	15
XIII	744558	12
XIII	752306	12
XIII	756948	7
XIII	756961	6
XIII	756961	12
XIII	758906	4
XIII	795030	3
XIII	794993	21
XIII	795029	9
XIII	795063	9
XIII	798521	9
XIII	801275	12
XIII	804927	3
XIII	811238	3
XIII	811624	18
XIII	812154	12
XIII	822590	1
XIII	831413	8
XIII	851714	1
XIII	874560	1
XIII	878720	10
XIII	879847	12
XIII	879879	6
XIII	895256	6
XIII	895594	11
XIII	896939	6
XIII	907466	9
XIII	908144	36
XIII	908144	72
XIII	914815	15
XIII	922659	21
XIII	924269	11
XIII	924319	17
XIII	924306	19
XIII	924325	11
XIII	924366	10
XIII	924323	30
XIII	924342	13
XIII	924376	18
XIII	924396	11
XIV	74	10
XIV	1585	36
XIV	6204	11
XIV	6625	13
XIV	6619	19
XIV	6617	6
XIV	6647	11
XIV	6658	14
XIV	6672	6
XIV	23671	12
XIV	27713	16
XIV	33228	8
XIV	33754	12
XIV	40482	12
XIV	43279	2
XIV	54611	13
XIV	70027	3
XIV	70097	6
XIV	79838	12
XIV	90513	9
XIV	96881	11
XIV	102463	11
XIV	106081	18
XIV	106091	9
XIV	110736	11
XIV	114820	11
XIV	131641	3
XIV	135876	4
XIV	154924	1
XIV	157519	8
XIV	198780	9
XIV	217179	2
XIV	217179	14
XIV	225638	15
XIV	243542	12
XIV	254877	24
XIV	254883	48
XIV	254890	48
XIV	256975	12
XIV	268809	9
XIV	274020	8
XIV	282428	9
XIV	282536	60
XIV	289841	12
XIV	290008	12
XIV	290407	9
XIV	300930	1
XIV	300929	19
XIV	300930	20
XIV	325187	13
XIV	333269	3
XIV	333308	15
XIV	333311	12
XIV	335915	11
XIV	337294	9
XIV	343994	12
XIV	357013	1
XIV	359346	1
XIV	371324	12
XIV	375288	11
XIV	387091	10
XIV	393086	6
XIV	394311	6
XIV	394517	8
XIV	410617	9
XIV	413429	12
XIV	413449	1
XIV	415048	1
XIV	415048	25
XIV	415048	17
XIV	416157	9
XIV	427032	14
XIV	429777	2
XIV	430896	12
XIV	441269	21
XIV	454333	11
XIV	479460	1
XIV	479888	6
XIV	479906	12
XIV	481010	11
XIV	486553	1
XIV	493070	8
XIV	511005	9
XIV	512461	2
XIV	515986	3
XIV	529338	9
XIV	529341	12
XIV	532426	9
XIV	541525	15
XIV	546474	11
XIV	562156	10
XIV	567784	10
XIV	570253	6
XIV	572813	14
XIV	577028	15
XIV	579921	15
XIV	579949	6
XIV	592501	12
XIV	599385	14
XIV	601978	6
XIV	603738	12
XIV	604228	9
XIV	605721	2
XIV	609520	15
XIV	619068	21
XIV	619291	9
XIV	628807	11
XIV	642481	6
XIV	642507	12
XIV	644218	2
XIV	652055	11
XIV	652347	12
XIV	652552	3
XIV	661487	5
XIV	661483	15
XIV	662250	6
XIV	663598	2
XIV	667325	1
XIV	676062	9
XIV	678615	6
XIV	685336	9
XIV	694241	2
XIV	703107	5
XIV	704256	21
XIV	704256	63
XIV	717770	6
XIV	720277	15
XIV	720271	9
XIV	720271	12
XIV	720376	6
XIV	720376	9
XIV	730995	9
XIV	750087	16
XIV	755178	11
XIV	758583	6
XIV	772614	10
XIV	772613	1
XIV	777554	2
XIV	779309	1
XIV	784007	11
XIV	783997	22
XIV	784055	14
XIV	784053	8
XIV	784109	11
XIV	784096	24
XIV	784083	13
XIV	784131	10
XIV	784143	11
XIV	784184	15
XIV	784172	6
XIV	784164	40
XIV	784199	11
XIV	784210	36
XIV	784241	6
XIV	784215	55
XIV	784254	19
XIV	784303	10
XIV	784279	13
XV	21	13
XV	1	11
XV	22	23
XV	45	13
XV	58	10
XV	11	19
XV	88	11
XV	1086	2
XV	24722	24
XV	28568	9
XV	29052	9
XV	29598	39
XV	30936	39
XV	31175	39
XV	31250	39
XV	45693	2
XV	45898	3
XV	53938	3
XV	55103	10
XV	56377	5
XV	60214	1
XV	63057	3
XV	66830	10
XV	88827	12
XV	94739	8
XV	110776	3
XV	110819	3
XV	110845	3
XV	114172	9
XV	115038	12
XV	115038	24
XV	115084	72
XV	115120	36
XV	117743	11
XV	123331	11
XV	145289	11
XV	157522	15
XV	166769	15
XV	170021	9
XV	170236	8
XV	171892	12
XV	197141	6
XV	197140	6
XV	197140	12
XV	200340	1
XV	216921	16
XV	227290	3
XV	229369	9
XV	235378	3
XV	236203	6
XV	236202	12
XV	236287	6
XV	236965	3
XV	236959	15
XV	236965	18
XV	236968	12
XV	236983	12
XV	241530	7
XV	254480	12
XV	254812	11
XV	256055	9
XV	265197	10
XV	269399	9
XV	269399	18
XV	271957	10
XV	302266	9
XV	307242	12
XV	315622	1
XV	316406	13
XV	318383	12
XV	318384	12
XV	326196	2
XV	341946	12
XV	344717	24
XV	344743	36
XV	346463	33
XV	355084	2
XV	355999	10
XV	361769	18
XV	361781	18
XV	370263	12
XV	392779	11
XV	411546	9
XV	427874	15
XV	427909	3
XV	427999	9
XV	427942	9
XV	427906	12
XV	430165	12
XV	430160	1
XV	431106	9
XV	433169	12
XV	448671	1
XV	448827	11
XV	479260	1
XV	479255	23
XV	479255	8
XV	479422	5
XV	479572	6
XV	520040	10
XV	522812	1
XV	528705	12
XV	535167	3
XV	535183	12
XV	537057	2
XV	537228	6
XV	537239	15
XV	537246	14
XV	540864	9
XV	570977	9
XV	579518	3
XV	589345	15
XV	592304	6
XV	592307	12
XV	594861	11
XV	600443	11
XV	609383	9
XV	630493	3
XV	667556	2
XV	682472	10
XV	700713	12
XV	717176	12
XV	717170	24
XV	717170	36
XV	741052	15
XV	768267	1
XV	768269	13
XV	768667	3
XV	785511	12
XV	795283	7
XV	822925	3
XV	832640	11
XV	836474	10
XV	837019	7
XV	846989	12
XV	854986	2
XV	855715	6
XV	859557	9
XV	859557	18
XV	859735	15
XV	882624	1
XV	888849	1
XV	889006	10
XV	894327	17
XV	896828	9
XV	896829	36
XV	896855	27
XV	896889	9
XV	896855	18
XV	896988	9
XV	896980	14
XV	923127	2
XV	936845	6
XV	944459	1
XV	954142	1
XV	989711	10
XV	998334	8
XV	998338	2
XV	1000967	19
XV	1011456	15
XV	1028815	12
XV	1031382	1
XV	1036137	3
XV	1036594	11
XV	1037518	3
XV	1047126	12
XV	1049203	12
XV	1053663	7
XV	1059870	3
XV	1059868	9
XV	1060170	3
XV	1060764	18
XV	1060799	18
XV	1060833	15
XV	1060850	15
XV	1066174	11
XV	1074690	3
XV	1076631	11
XV	1078207	10
XV	1078207	11
XV	1081607	1
XV	1082856	21
XV	1085012	11
XV	1089256	36
XV	1091133	10
XVI	1494	36
XVI	6113	11
XVI	8248	21
XVI	9511	1
XVI	12909	10
XVI	12910	11
XVI	14484	11
XVI	16368	3
XVI	32642	9
XVI	44909	9
XVI	46579	13
XVI	46582	18
XVI	64352	18
XVI	65845	3
XVI	73046	10
XVI	73097	9
XVI	73960	10
XVI	97916	15
XVI	108100	12
XVI	114110	15
XVI	117184	3
XVI	117199	9
XVI	117184	12
XVI	120120	3
XVI	121980	9
XVI	121980	18
XVI	121983	27
XVI	121992	18
XVI	132260	14
XVI	139584	2
XVI	144690	9
XVI	159924	15
XVI	160182	33
XVI	162375	2
XVI	169553	16
XVI	185373	6
XVI	185396	3
XVI	185378	12
XVI	187314	3
XVI	187343	3
XVI	187343	15
XVI	187343	18
XVI	187379	9
XVI	187447	3
XVI	188927	10
XVI	188929	11
XVI	188929	14
XVI	192967	1
XVI	193563	11
XVI	193906	63
XVI	197704	12
XVI	197736	6
XVI	203981	12
XVI	209896	12
XVI	212824	2
XVI	227580	13
XVI	239119	2
XVI	242435	15
XVI	244249	2
XVI	252241	3
XVI	252245	21
XVI	252242	9
XVI	276644	6
XVI	276663	3
XVI	312943	2
XVI	326585	6
XVI	329082	7
XVI	329089	11
XVI	350023	18
XVI	350222	12
XVI	350725	12
XVI	352501	8
XVI	352497	13
XVI	379346	18
XVI	379390	15
XVI	379437	9
XVI	379390	3
XVI	381849	2
XVI	398025	3
XVI	429675	12
XVI	453578	5
XVI	453823	12
XVI	455695	6
XVI	455695	12
XVI	462245	1
XVI	462795	6
XVI	481284	7
XVI	481357	10
XVI	485927	2
XVI	490088	12
XVI	490096	6
XVI	498654	9
XVI	500984	6
XVI	501024	3
XVI	501020	15
XVI	503379	1
XVI	512873	11
XVI	520953	3
XVI	520957	15
XVI	521032	3
XVI	521055	3
XVI	521086	15
XVI	521091	18
XVI	521086	3
XVI	521170	12
XVI	522055	3
XVI	522105	9
XVI	527356	6
XVI	528209	9
XVI	536682	3
XVI	560521	11
XVI	563512	9
XVI	581339	1
XVI	591721	2
XVI	606365	3
XVI	606381	6
XVI	606365	12
XVI	631154	9
XVI	631148	15
XVI	638903	9
XVI	642183	5
XVI	650474	3
XVI	650541	6
XVI	650547	12
XVI	650475	18
XVI	655080	1
XVI	696350	15
XVI	711481	12
XVI	711599	18
XVI	728634	10
XVI	751995	5
XVI	771365	12
XVI	773362	14
XVI	774821	3
XVI	775874	8
XVI	786276	57
XVI	786509	9
XVI	793581	9
XVI	812686	10
XVI	827511	9
XVI	828513	10
XVI	830693	3
XVI	830976	3
XVI	832597	12
XVI	832892	6
XVI	832892	12
XVI	835078	3
XVI	835345	10
XVI	835975	10
XVI	837813	10
XVI	840628	1
XVI	844452	11
XVI	850043	11
XVI	850906	11
XVI	856494	11
XVI	868954	78
XVI	876244	2
XVI	897095	3
XVI	908166	3
XVI	908145	18
XVI	913752	24
XVI	930092	8
XVI	942906	11
XVI	945988	36
XVI	947971	10
